App 2592851 output: tput: No value for $TERM and no -T specified
App 2592851 output: Traceback (most recent call last):
App 2592851 output:   File "/opt/cpanel/ea-ruby27/root/usr/share/passenger/helper-scripts/wsgi-loader.py", line 384, in <module>
App 2592851 output:     app_module = load_app()
App 2592851 output:             
App 2592851 output:      ^^^^^^^^^^
App 2592851 output:   File "/opt/cpanel/ea-ruby27/root/usr/share/passenger/helper-scripts/wsgi-loader.py", line 88, in load_app
App 2592851 output:     spec.loader.exec_module(app_module)
App 2592851 output:   File "<frozen importlib._bootstrap_external>", line 940, in exec_module
App 2592851 output:   File "<frozen importlib._bootstrap>", line 241, in _call_with_frames_removed
App 2592851 output:   File "/home/dulles1/public_html/flaskapp/passenger_wsgi.py", line 8, in <module>
App 2592851 output:     wsgi = imp.load_source('wsgi', 'app.py')
App 2592851 output:            ^^^^^^^^^^^^^^^^^^^^^^^^^^^^^^^^^
App 2592851 output:   File "/opt/alt/python311/lib64/python3.11/imp.py", line 172, in load_source
App 2592851 output:     module = _load(spec)
App 2592851 output:              ^^^^^^^^^^^
App 2592851 output:   File "<frozen importlib._bootstrap>", line 721, in _load
App 2592851 output:   File "<frozen importlib._bootstrap>", line 690, in _load_unlocked
App 2592851 output:   File "<frozen importlib._bootstrap_external>", line 940, in exec_module
App 2592851 output:   File "<frozen importlib._bootstrap>", line 241, in _call_with_frames_removed
App 2592851 output:   File "app.py", line 1, in <module>
App 2592851 output:     from flask import Flask, jsonify
App 2592851 output: ModuleNotFoundError: No module named 'flask'
App 2593248 output: tput: No value for $TERM and no -T specified
App 2596246 output: tput: No value for $TERM and no -T specified
App 525571 output: tput: No value for $TERM and no -T specified
App 525571 output: Traceback (most recent call last):
App 525571 output:   File "/opt/cpanel/ea-ruby27/root/usr/share/passenger/helper-scripts/wsgi-loader.py", line 384, in <module>
App 525571 output:     app_module = load_app()
App 525571 output:                  ^^^^^^^^^^
App 525571 output:   File "/opt/cpanel/ea-ruby27/root/usr/share/passenger/helper-scripts/wsgi-loader.py", line 88, in load_app
App 525571 output:     spec.loader.exec_module(app_module)
App 525571 output:   File "<frozen importlib._bootstrap_external>", line 940, in exec_module
App 525571 output:   File "<frozen importlib._bootstrap>", line 241, in _call_with_frames_removed
App 525571 output:   File "/home/dulles1/public_html/flaskapp/passenger_wsgi.py", line 8, in <module>
App 525571 output:     wsgi = imp.load_source('wsgi', 'app.py')
App 525571 output:            ^^^^^^^^^^^^^^^^^^^^^^^^^^^^^^^^^
App 525571 output:   File "/opt/alt/python311/lib64/python3.11/imp.py", line 172, in load_source
App 525571 output:     module = _load(spec)
App 525571 output:              ^^^^^^^^^^^
App 525571 output:   File "<frozen importlib._bootstrap>", line 721, in _load
App 525571 output:   File "<frozen importlib._bootstrap>", line 690, in _load_unlocked
App 525571 output:   File "<frozen importlib._bootstrap_external>", line 940, in exec_module
App 525571 output:   File "<frozen importlib._bootstrap>", line 241, in _call_with_frames_removed
App 525571 output:   File "app.py", line 1, in <module>
App 525571 output:     from flask import Flask, jsonify
App 525571 output: ModuleNotFoundError: No module named 'flask'
App 525827 output: tput: No value for $TERM and no -T specified
App 527496 output: tput: No value for $TERM and no -T specified
